# JRE version: OpenJDK Runtime Environment (21.0.7) (build 21.0.7+-13880790-b1038.58)
# Java VM: OpenJDK 64-Bit Server VM (21.0.7+-13880790-b1038.58, mixed mode, tiered, compressed oops, compressed class ptrs, g1 gc, windows-amd64)
GC Precious Log:
 CardTable entry size: 512
 Card Set container configuration: InlinePtr #cards 5 size 8 Array Of Cards #cards 12 size 40 Howl #buckets 4 coarsen threshold 1843 Howl Bitmap #cards 512 size 80 coarsen threshold 460 Card regions per heap region 1 cards per card region 2048
 CPUs: 4 total, 4 available
 Memory: 3968M
 Large Page Support: Disabled
 NUMA Support: Disabled
 Compressed Oops: Enabled (32-bit)
 Heap Region Size: 1M
 Heap Min Capacity: 8M
 Heap Initial Capacity: 64M
 Heap Max Capacity: 2G
 Pre-touch: Disabled
 Parallel Workers: 4
 Concurrent Workers: 1
 Concurrent Refinement Workers: 4
 Periodic GC: Disabled
Heap:
 garbage-first heap   total 97280K, used 57844K [0x0000000080000000, 0x0000000100000000)
  region size 1024K, 3 young (3072K), 3 survivors (3072K)
 Metaspace       used 79645K, committed 81408K, reserved 1179648K
  class space    used 10916K, committed 11776K, reserved 1048576K
GC Heap History (20 events):
Event: 6.257 GC heap after
{Heap after GC invocations=15 (full 0):
 garbage-first heap   total 80896K, used 40918K [0x0000000080000000, 0x0000000100000000)
  region size 1024K, 5 young (5120K), 5 survivors (5120K)
 Metaspace       used 55644K, committed 57088K, reserved 1114112K
  class space    used 7664K, committed 8384K, reserved 1048576K
}
Event: 6.351 GC heap before
{Heap before GC invocations=15 (full 0):
 garbage-first heap   total 80896K, used 48086K [0x0000000080000000, 0x0000000100000000)
  region size 1024K, 14 young (14336K), 5 survivors (5120K)
 Metaspace       used 56556K, committed 58048K, reserved 1114112K
  class space    used 7799K, committed 8512K, reserved 1048576K
}
Event: 6.357 GC heap after
{Heap after GC invocations=16 (full 0):
 garbage-first heap   total 97280K, used 42779K [0x0000000080000000, 0x0000000100000000)
  region size 1024K, 2 young (2048K), 2 survivors (2048K)
 Metaspace       used 56556K, committed 58048K, reserved 1114112K
  class space    used 7799K, committed 8512K, reserved 1048576K
}
Event: 6.738 GC heap before
{Heap before GC invocations=16 (full 0):
 garbage-first heap   total 97280K, used 81691K [0x0000000080000000, 0x0000000100000000)
  region size 1024K, 39 young (39936K), 2 survivors (2048K)
 Metaspace       used 58793K, committed 60288K, reserved 1114112K
  class space    used 8041K, committed 8768K, reserved 1048576K
}
Event: 6.741 GC heap after
{Heap after GC invocations=17 (full 0):
 garbage-first heap   total 97280K, used 43034K [0x0000000080000000, 0x0000000100000000)
  region size 1024K, 2 young (2048K), 2 survivors (2048K)
 Metaspace       used 58793K, committed 60288K, reserved 1114112K
  class space    used 8041K, committed 8768K, reserved 1048576K
}
Event: 8.763 GC heap before
{Heap before GC invocations=18 (full 0):
 garbage-first heap   total 97280K, used 83994K [0x0000000080000000, 0x0000000100000000)
  region size 1024K, 43 young (44032K), 2 survivors (2048K)
 Metaspace       used 67039K, committed 68608K, reserved 1114112K
  class space    used 9165K, committed 9920K, reserved 1048576K
}
Event: 8.769 GC heap after
{Heap after GC invocations=19 (full 0):
 garbage-first heap   total 97280K, used 47364K [0x0000000080000000, 0x0000000100000000)
  region size 1024K, 6 young (6144K), 6 survivors (6144K)
 Metaspace       used 67039K, committed 68608K, reserved 1114112K
  class space    used 9165K, committed 9920K, reserved 1048576K
}
Event: 9.180 GC heap before
{Heap before GC invocations=19 (full 0):
 garbage-first heap   total 97280K, used 84228K [0x0000000080000000, 0x0000000100000000)
  region size 1024K, 42 young (43008K), 6 survivors (6144K)
 Metaspace       used 72483K, committed 74048K, reserved 1114112K
  class space    used 9928K, committed 10688K, reserved 1048576K
}
Event: 9.189 GC heap after
{Heap after GC invocations=20 (full 0):
 garbage-first heap   total 97280K, used 49138K [0x0000000080000000, 0x0000000100000000)
  region size 1024K, 3 young (3072K), 3 survivors (3072K)
 Metaspace       used 72483K, committed 74048K, reserved 1114112K
  class space    used 9928K, committed 10688K, reserved 1048576K
}
Event: 9.805 GC heap before
{Heap before GC invocations=20 (full 0):
 garbage-first heap   total 97280K, used 84978K [0x0000000080000000, 0x0000000100000000)
  region size 1024K, 39 young (39936K), 3 survivors (3072K)
 Metaspace       used 76508K, committed 78208K, reserved 1179648K
  class space    used 10564K, committed 11392K, reserved 1048576K
}
Event: 9.811 GC heap after
{Heap after GC invocations=21 (full 0):
 garbage-first heap   total 97280K, used 51309K [0x0000000080000000, 0x0000000100000000)
  region size 1024K, 5 young (5120K), 5 survivors (5120K)
 Metaspace       used 76508K, committed 78208K, reserved 1179648K
  class space    used 10564K, committed 11392K, reserved 1048576K
}
Event: 12.792 GC heap before
{Heap before GC invocations=22 (full 0):
 garbage-first heap   total 97280K, used 85101K [0x0000000080000000, 0x0000000100000000)
  region size 1024K, 38 young (38912K), 5 survivors (5120K)
 Metaspace       used 79030K, committed 80704K, reserved 1179648K
  class space    used 10913K, committed 11712K, reserved 1048576K
}
Event: 12.800 GC heap after
{Heap after GC invocations=23 (full 0):
 garbage-first heap   total 97280K, used 55803K [0x0000000080000000, 0x0000000100000000)
  region size 1024K, 5 young (5120K), 5 survivors (5120K)
 Metaspace       used 79030K, committed 80704K, reserved 1179648K
  class space    used 10913K, committed 11712K, reserved 1048576K
}
Event: 13.152 GC heap before
{Heap before GC invocations=23 (full 0):
 garbage-first heap   total 97280K, used 83451K [0x0000000080000000, 0x0000000100000000)
  region size 1024K, 33 young (33792K), 5 survivors (5120K)
 Metaspace       used 79364K, committed 81152K, reserved 1179648K
  class space    used 10916K, committed 11776K, reserved 1048576K
}
Event: 13.160 GC heap after
{Heap after GC invocations=24 (full 0):
 garbage-first heap   total 97280K, used 57594K [0x0000000080000000, 0x0000000100000000)
  region size 1024K, 4 young (4096K), 4 survivors (4096K)
 Metaspace       used 79364K, committed 81152K, reserved 1179648K
  class space    used 10916K, committed 11776K, reserved 1048576K
}
Event: 13.417 GC heap before
{Heap before GC invocations=24 (full 0):
 garbage-first heap   total 97280K, used 86266K [0x0000000080000000, 0x0000000100000000)
  region size 1024K, 32 young (32768K), 4 survivors (4096K)
 Metaspace       used 79558K, committed 81280K, reserved 1179648K
  class space    used 10916K, committed 11776K, reserved 1048576K
}
Event: 13.422 GC heap after
{Heap after GC invocations=25 (full 0):
 garbage-first heap   total 97280K, used 58181K [0x0000000080000000, 0x0000000100000000)
  region size 1024K, 3 young (3072K), 3 survivors (3072K)
 Metaspace       used 79558K, committed 81280K, reserved 1179648K
  class space    used 10916K, committed 11776K, reserved 1048576K
}
Event: 13.697 GC heap before
{Heap before GC invocations=26 (full 0):
 garbage-first heap   total 97280K, used 86853K [0x0000000080000000, 0x0000000100000000)
  region size 1024K, 32 young (32768K), 3 survivors (3072K)
 Metaspace       used 79639K, committed 81408K, reserved 1179648K
  class space    used 10916K, committed 11776K, reserved 1048576K
}
Event: 13.700 GC heap after
{Heap after GC invocations=27 (full 0):
 garbage-first heap   total 97280K, used 59214K [0x0000000080000000, 0x0000000100000000)
  region size 1024K, 3 young (3072K), 3 survivors (3072K)
 Metaspace       used 79639K, committed 81408K, reserved 1179648K
  class space    used 10916K, committed 11776K, reserved 1048576K
}
Event: 13.936 GC heap before
{Heap before GC invocations=27 (full 0):
 garbage-first heap   total 97280K, used 86862K [0x0000000080000000, 0x0000000100000000)
  region size 1024K, 31 young (31744K), 3 survivors (3072K)
 Metaspace       used 79645K, committed 81408K, reserved 1179648K
  class space    used 10916K, committed 11776K, reserved 1048576K
}

