# JRE version: OpenJDK Runtime Environment (21.0.7) (build 21.0.7+-13880790-b1038.58)
# Java VM: OpenJDK 64-Bit Server VM (21.0.7+-13880790-b1038.58, mixed mode, tiered, compressed oops, compressed class ptrs, g1 gc, windows-amd64)
GC Precious Log:
 CardTable entry size: 512
 Card Set container configuration: InlinePtr #cards 5 size 8 Array Of Cards #cards 12 size 40 Howl #buckets 4 coarsen threshold 1843 Howl Bitmap #cards 512 size 80 coarsen threshold 460 Card regions per heap region 1 cards per card region 2048
 CPUs: 4 total, 4 available
 Memory: 3968M
 Large Page Support: Disabled
 NUMA Support: Disabled
 Compressed Oops: Enabled (32-bit)
 Heap Region Size: 1M
 Heap Min Capacity: 8M
 Heap Initial Capacity: 64M
 Heap Max Capacity: 994M
 Pre-touch: Disabled
 Parallel Workers: 4
 Concurrent Workers: 1
 Concurrent Refinement Workers: 4
 Periodic GC: Disabled
Heap:
 garbage-first heap   total 99328K, used 67480K [0x00000000c1e00000, 0x0000000100000000)
  region size 1024K, 3 young (3072K), 3 survivors (3072K)
 Metaspace       used 62266K, committed 62592K, reserved 1114112K
  class space    used 7147K, committed 7296K, reserved 1048576K
GC Heap History (20 events):
Event: 4.120 GC heap after
{Heap after GC invocations=11 (full 0):
 garbage-first heap   total 62464K, used 32236K [0x00000000c1e00000, 0x0000000100000000)
  region size 1024K, 3 young (3072K), 3 survivors (3072K)
 Metaspace       used 43145K, committed 43456K, reserved 1114112K
  class space    used 5283K, committed 5440K, reserved 1048576K
}
Event: 4.478 GC heap before
{Heap before GC invocations=11 (full 0):
 garbage-first heap   total 62464K, used 50668K [0x00000000c1e00000, 0x0000000100000000)
  region size 1024K, 22 young (22528K), 3 survivors (3072K)
 Metaspace       used 48691K, committed 48960K, reserved 1114112K
  class space    used 5810K, committed 5952K, reserved 1048576K
}
Event: 4.483 GC heap after
{Heap after GC invocations=12 (full 0):
 garbage-first heap   total 62464K, used 33970K [0x00000000c1e00000, 0x0000000100000000)
  region size 1024K, 2 young (2048K), 2 survivors (2048K)
 Metaspace       used 48691K, committed 48960K, reserved 1114112K
  class space    used 5810K, committed 5952K, reserved 1048576K
}
Event: 4.984 GC heap before
{Heap before GC invocations=13 (full 0):
 garbage-first heap   total 62464K, used 51378K [0x00000000c1e00000, 0x0000000100000000)
  region size 1024K, 20 young (20480K), 2 survivors (2048K)
 Metaspace       used 52335K, committed 52608K, reserved 1114112K
  class space    used 6142K, committed 6272K, reserved 1048576K
}
Event: 4.990 GC heap after
{Heap after GC invocations=14 (full 0):
 garbage-first heap   total 62464K, used 36673K [0x00000000c1e00000, 0x0000000100000000)
  region size 1024K, 3 young (3072K), 3 survivors (3072K)
 Metaspace       used 52335K, committed 52608K, reserved 1114112K
  class space    used 6142K, committed 6272K, reserved 1048576K
}
Event: 5.195 GC heap before
{Heap before GC invocations=14 (full 0):
 garbage-first heap   total 62464K, used 54081K [0x00000000c1e00000, 0x0000000100000000)
  region size 1024K, 20 young (20480K), 3 survivors (3072K)
 Metaspace       used 54878K, committed 55104K, reserved 1114112K
  class space    used 6416K, committed 6528K, reserved 1048576K
}
Event: 5.202 GC heap after
{Heap after GC invocations=15 (full 0):
 garbage-first heap   total 62464K, used 39462K [0x00000000c1e00000, 0x0000000100000000)
  region size 1024K, 3 young (3072K), 3 survivors (3072K)
 Metaspace       used 54878K, committed 55104K, reserved 1114112K
  class space    used 6416K, committed 6528K, reserved 1048576K
}
Event: 5.229 GC heap before
{Heap before GC invocations=15 (full 0):
 garbage-first heap   total 62464K, used 42534K [0x00000000c1e00000, 0x0000000100000000)
  region size 1024K, 7 young (7168K), 3 survivors (3072K)
 Metaspace       used 54935K, committed 55168K, reserved 1114112K
  class space    used 6416K, committed 6528K, reserved 1048576K
}
Event: 5.233 GC heap after
{Heap after GC invocations=16 (full 0):
 garbage-first heap   total 75776K, used 40752K [0x00000000c1e00000, 0x0000000100000000)
  region size 1024K, 2 young (2048K), 2 survivors (2048K)
 Metaspace       used 54935K, committed 55168K, reserved 1114112K
  class space    used 6416K, committed 6528K, reserved 1048576K
}
Event: 5.341 GC heap before
{Heap before GC invocations=17 (full 0):
 garbage-first heap   total 75776K, used 63280K [0x00000000c1e00000, 0x0000000100000000)
  region size 1024K, 23 young (23552K), 2 survivors (2048K)
 Metaspace       used 54999K, committed 55232K, reserved 1114112K
  class space    used 6416K, committed 6528K, reserved 1048576K
}
Event: 5.352 GC heap after
{Heap after GC invocations=18 (full 0):
 garbage-first heap   total 75776K, used 50176K [0x00000000c1e00000, 0x0000000100000000)
  region size 1024K, 3 young (3072K), 3 survivors (3072K)
 Metaspace       used 54999K, committed 55232K, reserved 1114112K
  class space    used 6416K, committed 6528K, reserved 1048576K
}
Event: 5.472 GC heap before
{Heap before GC invocations=18 (full 0):
 garbage-first heap   total 75776K, used 64512K [0x00000000c1e00000, 0x0000000100000000)
  region size 1024K, 17 young (17408K), 3 survivors (3072K)
 Metaspace       used 55937K, committed 56256K, reserved 1114112K
  class space    used 6498K, committed 6656K, reserved 1048576K
}
Event: 5.479 GC heap after
{Heap after GC invocations=19 (full 0):
 garbage-first heap   total 75776K, used 54227K [0x00000000c1e00000, 0x0000000100000000)
  region size 1024K, 3 young (3072K), 3 survivors (3072K)
 Metaspace       used 55937K, committed 56256K, reserved 1114112K
  class space    used 6498K, committed 6656K, reserved 1048576K
}
Event: 5.605 GC heap before
{Heap before GC invocations=19 (full 0):
 garbage-first heap   total 75776K, used 66515K [0x00000000c1e00000, 0x0000000100000000)
  region size 1024K, 15 young (15360K), 3 survivors (3072K)
 Metaspace       used 56699K, committed 57024K, reserved 1114112K
  class space    used 6579K, committed 6720K, reserved 1048576K
}
Event: 5.614 GC heap after
{Heap after GC invocations=20 (full 0):
 garbage-first heap   total 75776K, used 58830K [0x00000000c1e00000, 0x0000000100000000)
  region size 1024K, 2 young (2048K), 2 survivors (2048K)
 Metaspace       used 56699K, committed 57024K, reserved 1114112K
  class space    used 6579K, committed 6720K, reserved 1048576K
}
Event: 5.812 GC heap before
{Heap before GC invocations=21 (full 0):
 garbage-first heap   total 99328K, used 67022K [0x00000000c1e00000, 0x0000000100000000)
  region size 1024K, 10 young (10240K), 2 survivors (2048K)
 Metaspace       used 57253K, committed 57472K, reserved 1114112K
  class space    used 6628K, committed 6720K, reserved 1048576K
}
Event: 5.817 GC heap after
{Heap after GC invocations=22 (full 0):
 garbage-first heap   total 99328K, used 61440K [0x00000000c1e00000, 0x0000000100000000)
  region size 1024K, 2 young (2048K), 2 survivors (2048K)
 Metaspace       used 57253K, committed 57472K, reserved 1114112K
  class space    used 6628K, committed 6720K, reserved 1048576K
}
Event: 6.066 GC heap before
{Heap before GC invocations=22 (full 0):
 garbage-first heap   total 99328K, used 80896K [0x00000000c1e00000, 0x0000000100000000)
  region size 1024K, 22 young (22528K), 2 survivors (2048K)
 Metaspace       used 58493K, committed 58816K, reserved 1114112K
  class space    used 6722K, committed 6848K, reserved 1048576K
}
Event: 6.076 GC heap after
{Heap after GC invocations=23 (full 0):
 garbage-first heap   total 99328K, used 64512K [0x00000000c1e00000, 0x0000000100000000)
  region size 1024K, 3 young (3072K), 3 survivors (3072K)
 Metaspace       used 58493K, committed 58816K, reserved 1114112K
  class space    used 6722K, committed 6848K, reserved 1048576K
}
Event: 6.387 GC heap before
{Heap before GC invocations=23 (full 0):
 garbage-first heap   total 99328K, used 83968K [0x00000000c1e00000, 0x0000000100000000)
  region size 1024K, 22 young (22528K), 3 survivors (3072K)
 Metaspace       used 62266K, committed 62592K, reserved 1114112K
  class space    used 7147K, committed 7296K, reserved 1048576K
}

