# JRE version: OpenJDK Runtime Environment (21.0.7) (build 21.0.7+-13880790-b1038.58)
# Java VM: OpenJDK 64-Bit Server VM (21.0.7+-13880790-b1038.58, mixed mode, tiered, compressed oops, compressed class ptrs, g1 gc, windows-amd64)
GC Precious Log:
 CardTable entry size: 512
 Card Set container configuration: InlinePtr #cards 5 size 8 Array Of Cards #cards 12 size 40 Howl #buckets 4 coarsen threshold 1843 Howl Bitmap #cards 512 size 80 coarsen threshold 460 Card regions per heap region 1 cards per card region 2048
 CPUs: 4 total, 4 available
 Memory: 3968M
 Large Page Support: Disabled
 NUMA Support: Disabled
 Compressed Oops: Enabled (32-bit)
 Heap Region Size: 1M
 Heap Min Capacity: 8M
 Heap Initial Capacity: 64M
 Heap Max Capacity: 2G
 Pre-touch: Disabled
 Parallel Workers: 4
 Concurrent Workers: 1
 Concurrent Refinement Workers: 4
 Periodic GC: Disabled
Heap:
 garbage-first heap   total 80896K, used 41984K [0x0000000080000000, 0x0000000100000000)
  region size 1024K, 7 young (7168K), 5 survivors (5120K)
 Metaspace       used 55878K, committed 57344K, reserved 1114112K
  class space    used 7698K, committed 8384K, reserved 1048576K
GC Heap History (20 events):
Event: 2.421 GC heap before
{Heap before GC invocations=2 (full 0):
 garbage-first heap   total 65536K, used 45056K [0x0000000080000000, 0x0000000100000000)
  region size 1024K, 38 young (38912K), 4 survivors (4096K)
 Metaspace       used 12359K, committed 12544K, reserved 1114112K
  class space    used 1315K, committed 1408K, reserved 1048576K
}
Event: 2.426 GC heap after
{Heap after GC invocations=3 (full 0):
 garbage-first heap   total 65536K, used 11654K [0x0000000080000000, 0x0000000100000000)
  region size 1024K, 1 young (1024K), 1 survivors (1024K)
 Metaspace       used 12359K, committed 12544K, reserved 1114112K
  class space    used 1315K, committed 1408K, reserved 1048576K
}
Event: 2.996 GC heap before
{Heap before GC invocations=3 (full 0):
 garbage-first heap   total 65536K, used 51590K [0x0000000080000000, 0x0000000100000000)
  region size 1024K, 38 young (38912K), 1 survivors (1024K)
 Metaspace       used 14915K, committed 15168K, reserved 1114112K
  class space    used 1653K, committed 1792K, reserved 1048576K
}
Event: 3.004 GC heap after
{Heap after GC invocations=4 (full 0):
 garbage-first heap   total 65536K, used 18099K [0x0000000080000000, 0x0000000100000000)
  region size 1024K, 5 young (5120K), 5 survivors (5120K)
 Metaspace       used 14915K, committed 15168K, reserved 1114112K
  class space    used 1653K, committed 1792K, reserved 1048576K
}
Event: 3.556 GC heap before
{Heap before GC invocations=4 (full 0):
 garbage-first heap   total 65536K, used 38579K [0x0000000080000000, 0x0000000100000000)
  region size 1024K, 26 young (26624K), 5 survivors (5120K)
 Metaspace       used 21260K, committed 21504K, reserved 1114112K
  class space    used 2497K, committed 2624K, reserved 1048576K
}
Event: 3.563 GC heap after
{Heap after GC invocations=5 (full 0):
 garbage-first heap   total 65536K, used 20574K [0x0000000080000000, 0x0000000100000000)
  region size 1024K, 3 young (3072K), 3 survivors (3072K)
 Metaspace       used 21260K, committed 21504K, reserved 1114112K
  class space    used 2497K, committed 2624K, reserved 1048576K
}
Event: 4.078 GC heap before
{Heap before GC invocations=6 (full 0):
 garbage-first heap   total 65536K, used 51294K [0x0000000080000000, 0x0000000100000000)
  region size 1024K, 34 young (34816K), 3 survivors (3072K)
 Metaspace       used 26952K, committed 27456K, reserved 1114112K
  class space    used 3356K, committed 3584K, reserved 1048576K
}
Event: 4.082 GC heap after
{Heap after GC invocations=7 (full 0):
 garbage-first heap   total 65536K, used 21992K [0x0000000080000000, 0x0000000100000000)
  region size 1024K, 4 young (4096K), 4 survivors (4096K)
 Metaspace       used 26952K, committed 27456K, reserved 1114112K
  class space    used 3356K, committed 3584K, reserved 1048576K
}
Event: 4.541 GC heap before
{Heap before GC invocations=7 (full 0):
 garbage-first heap   total 65536K, used 52712K [0x0000000080000000, 0x0000000100000000)
  region size 1024K, 35 young (35840K), 4 survivors (4096K)
 Metaspace       used 31187K, committed 31744K, reserved 1114112K
  class space    used 4114K, committed 4352K, reserved 1048576K
}
Event: 4.548 GC heap after
{Heap after GC invocations=8 (full 0):
 garbage-first heap   total 65536K, used 24137K [0x0000000080000000, 0x0000000100000000)
  region size 1024K, 4 young (4096K), 4 survivors (4096K)
 Metaspace       used 31187K, committed 31744K, reserved 1114112K
  class space    used 4114K, committed 4352K, reserved 1048576K
}
Event: 5.203 GC heap before
{Heap before GC invocations=8 (full 0):
 garbage-first heap   total 65536K, used 52809K [0x0000000080000000, 0x0000000100000000)
  region size 1024K, 33 young (33792K), 4 survivors (4096K)
 Metaspace       used 35312K, committed 36096K, reserved 1114112K
  class space    used 4794K, committed 5184K, reserved 1048576K
}
Event: 5.209 GC heap after
{Heap after GC invocations=9 (full 0):
 garbage-first heap   total 65536K, used 25799K [0x0000000080000000, 0x0000000100000000)
  region size 1024K, 4 young (4096K), 4 survivors (4096K)
 Metaspace       used 35312K, committed 36096K, reserved 1114112K
  class space    used 4794K, committed 5184K, reserved 1048576K
}
Event: 5.700 GC heap before
{Heap before GC invocations=10 (full 0):
 garbage-first heap   total 65536K, used 54471K [0x0000000080000000, 0x0000000100000000)
  region size 1024K, 33 young (33792K), 4 survivors (4096K)
 Metaspace       used 41502K, committed 42432K, reserved 1114112K
  class space    used 5623K, committed 6080K, reserved 1048576K
}
Event: 5.707 GC heap after
{Heap after GC invocations=11 (full 0):
 garbage-first heap   total 65536K, used 29276K [0x0000000080000000, 0x0000000100000000)
  region size 1024K, 5 young (5120K), 5 survivors (5120K)
 Metaspace       used 41502K, committed 42432K, reserved 1114112K
  class space    used 5623K, committed 6080K, reserved 1048576K
}
Event: 5.963 GC heap before
{Heap before GC invocations=11 (full 0):
 garbage-first heap   total 65536K, used 54876K [0x0000000080000000, 0x0000000100000000)
  region size 1024K, 31 young (31744K), 5 survivors (5120K)
 Metaspace       used 43732K, committed 44608K, reserved 1114112K
  class space    used 5865K, committed 6272K, reserved 1048576K
}
Event: 5.977 GC heap after
{Heap after GC invocations=12 (full 0):
 garbage-first heap   total 79872K, used 32414K [0x0000000080000000, 0x0000000100000000)
  region size 1024K, 4 young (4096K), 4 survivors (4096K)
 Metaspace       used 43732K, committed 44608K, reserved 1114112K
  class space    used 5865K, committed 6272K, reserved 1048576K
}
Event: 6.488 GC heap before
{Heap before GC invocations=12 (full 0):
 garbage-first heap   total 79872K, used 72350K [0x0000000080000000, 0x0000000100000000)
  region size 1024K, 39 young (39936K), 4 survivors (4096K)
 Metaspace       used 47853K, committed 48832K, reserved 1114112K
  class space    used 6385K, committed 6848K, reserved 1048576K
}
Event: 6.493 GC heap after
{Heap after GC invocations=13 (full 0):
 garbage-first heap   total 80896K, used 34417K [0x0000000080000000, 0x0000000100000000)
  region size 1024K, 4 young (4096K), 4 survivors (4096K)
 Metaspace       used 47853K, committed 48832K, reserved 1114112K
  class space    used 6385K, committed 6848K, reserved 1048576K
}
Event: 6.918 GC heap before
{Heap before GC invocations=13 (full 0):
 garbage-first heap   total 80896K, used 70257K [0x0000000080000000, 0x0000000100000000)
  region size 1024K, 39 young (39936K), 4 survivors (4096K)
 Metaspace       used 52320K, committed 53760K, reserved 1114112K
  class space    used 7128K, committed 7808K, reserved 1048576K
}
Event: 6.926 GC heap after
{Heap after GC invocations=14 (full 0):
 garbage-first heap   total 80896K, used 36200K [0x0000000080000000, 0x0000000100000000)
  region size 1024K, 3 young (3072K), 3 survivors (3072K)
 Metaspace       used 52320K, committed 53760K, reserved 1114112K
  class space    used 7128K, committed 7808K, reserved 1048576K
}

