# JRE version: OpenJDK Runtime Environment (21.0.7) (build 21.0.7+-13880790-b1038.58)
# Java VM: OpenJDK 64-Bit Server VM (21.0.7+-13880790-b1038.58, mixed mode, tiered, compressed oops, compressed class ptrs, g1 gc, windows-amd64)
GC Precious Log:
 CardTable entry size: 512
 Card Set container configuration: InlinePtr #cards 5 size 8 Array Of Cards #cards 12 size 40 Howl #buckets 4 coarsen threshold 1843 Howl Bitmap #cards 512 size 80 coarsen threshold 460 Card regions per heap region 1 cards per card region 2048
 CPUs: 4 total, 4 available
 Memory: 3968M
 Large Page Support: Disabled
 NUMA Support: Disabled
 Compressed Oops: Enabled (32-bit)
 Heap Region Size: 1M
 Heap Min Capacity: 8M
 Heap Initial Capacity: 64M
 Heap Max Capacity: 2G
 Pre-touch: Disabled
 Parallel Workers: 4
 Concurrent Workers: 1
 Concurrent Refinement Workers: 4
 Periodic GC: Disabled
Heap:
 garbage-first heap   total 187392K, used 123323K [0x0000000080000000, 0x0000000100000000)
  region size 1024K, 34 young (34816K), 6 survivors (6144K)
 Metaspace       used 112569K, committed 114752K, reserved 1179648K
  class space    used 15566K, committed 16640K, reserved 1048576K
GC Heap History (20 events):
Event: 13.436 GC heap before
{Heap before GC invocations=33 (full 0):
 garbage-first heap   total 129024K, used 112727K [0x0000000080000000, 0x0000000100000000)
  region size 1024K, 44 young (45056K), 7 survivors (7168K)
 Metaspace       used 79749K, committed 81664K, reserved 1179648K
  class space    used 10870K, committed 11840K, reserved 1048576K
}
Event: 13.443 GC heap after
{Heap after GC invocations=34 (full 0):
 garbage-first heap   total 129024K, used 75827K [0x0000000080000000, 0x0000000100000000)
  region size 1024K, 2 young (2048K), 2 survivors (2048K)
 Metaspace       used 79749K, committed 81664K, reserved 1179648K
  class space    used 10870K, committed 11840K, reserved 1048576K
}
Event: 13.887 GC heap before
{Heap before GC invocations=34 (full 0):
 garbage-first heap   total 129024K, used 100403K [0x0000000080000000, 0x0000000100000000)
  region size 1024K, 27 young (27648K), 2 survivors (2048K)
 Metaspace       used 83034K, committed 84992K, reserved 1179648K
  class space    used 11354K, committed 12288K, reserved 1048576K
}
Event: 13.892 GC heap after
{Heap after GC invocations=35 (full 0):
 garbage-first heap   total 155648K, used 78167K [0x0000000080000000, 0x0000000100000000)
  region size 1024K, 4 young (4096K), 4 survivors (4096K)
 Metaspace       used 83034K, committed 84992K, reserved 1179648K
  class space    used 11354K, committed 12288K, reserved 1048576K
}
Event: 13.901 GC heap before
{Heap before GC invocations=35 (full 0):
 garbage-first heap   total 155648K, used 83287K [0x0000000080000000, 0x0000000100000000)
  region size 1024K, 9 young (9216K), 4 survivors (4096K)
 Metaspace       used 83034K, committed 84992K, reserved 1179648K
  class space    used 11354K, committed 12288K, reserved 1048576K
}
Event: 13.907 GC heap after
{Heap after GC invocations=36 (full 0):
 garbage-first heap   total 155648K, used 81264K [0x0000000080000000, 0x0000000100000000)
  region size 1024K, 6 young (6144K), 6 survivors (6144K)
 Metaspace       used 83034K, committed 84992K, reserved 1179648K
  class space    used 11354K, committed 12288K, reserved 1048576K
}
Event: 14.387 GC heap before
{Heap before GC invocations=37 (full 0):
 garbage-first heap   total 155648K, used 126320K [0x0000000080000000, 0x0000000100000000)
  region size 1024K, 46 young (47104K), 6 survivors (6144K)
 Metaspace       used 85413K, committed 87360K, reserved 1179648K
  class space    used 11686K, committed 12672K, reserved 1048576K
}
Event: 14.396 GC heap after
{Heap after GC invocations=38 (full 0):
 garbage-first heap   total 155648K, used 83209K [0x0000000080000000, 0x0000000100000000)
  region size 1024K, 5 young (5120K), 5 survivors (5120K)
 Metaspace       used 85413K, committed 87360K, reserved 1179648K
  class space    used 11686K, committed 12672K, reserved 1048576K
}
Event: 15.040 GC heap before
{Heap before GC invocations=38 (full 0):
 garbage-first heap   total 155648K, used 125193K [0x0000000080000000, 0x0000000100000000)
  region size 1024K, 47 young (48128K), 5 survivors (5120K)
 Metaspace       used 88949K, committed 90944K, reserved 1179648K
  class space    used 12130K, committed 13120K, reserved 1048576K
}
Event: 15.048 GC heap after
{Heap after GC invocations=39 (full 0):
 garbage-first heap   total 155648K, used 84068K [0x0000000080000000, 0x0000000100000000)
  region size 1024K, 5 young (5120K), 5 survivors (5120K)
 Metaspace       used 88949K, committed 90944K, reserved 1179648K
  class space    used 12130K, committed 13120K, reserved 1048576K
}
Event: 15.690 GC heap before
{Heap before GC invocations=39 (full 0):
 garbage-first heap   total 155648K, used 129124K [0x0000000080000000, 0x0000000100000000)
  region size 1024K, 49 young (50176K), 5 survivors (5120K)
 Metaspace       used 93105K, committed 95168K, reserved 1179648K
  class space    used 12698K, committed 13696K, reserved 1048576K
}
Event: 15.696 GC heap after
{Heap after GC invocations=40 (full 0):
 garbage-first heap   total 155648K, used 86443K [0x0000000080000000, 0x0000000100000000)
  region size 1024K, 4 young (4096K), 4 survivors (4096K)
 Metaspace       used 93105K, committed 95168K, reserved 1179648K
  class space    used 12698K, committed 13696K, reserved 1048576K
}
Event: 16.244 GC heap before
{Heap before GC invocations=41 (full 0):
 garbage-first heap   total 155648K, used 133547K [0x0000000080000000, 0x0000000100000000)
  region size 1024K, 50 young (51200K), 4 survivors (4096K)
 Metaspace       used 95746K, committed 97792K, reserved 1179648K
  class space    used 13096K, committed 14144K, reserved 1048576K
}
Event: 16.253 GC heap after
{Heap after GC invocations=42 (full 0):
 garbage-first heap   total 155648K, used 90350K [0x0000000080000000, 0x0000000100000000)
  region size 1024K, 7 young (7168K), 7 survivors (7168K)
 Metaspace       used 95746K, committed 97792K, reserved 1179648K
  class space    used 13096K, committed 14144K, reserved 1048576K
}
Event: 16.757 GC heap before
{Heap before GC invocations=42 (full 0):
 garbage-first heap   total 155648K, used 135406K [0x0000000080000000, 0x0000000100000000)
  region size 1024K, 51 young (52224K), 7 survivors (7168K)
 Metaspace       used 97662K, committed 99776K, reserved 1179648K
  class space    used 13338K, committed 14400K, reserved 1048576K
}
Event: 16.769 GC heap after
{Heap after GC invocations=43 (full 0):
 garbage-first heap   total 187392K, used 91665K [0x0000000080000000, 0x0000000100000000)
  region size 1024K, 4 young (4096K), 4 survivors (4096K)
 Metaspace       used 97662K, committed 99776K, reserved 1179648K
  class space    used 13338K, committed 14400K, reserved 1048576K
}
Event: 18.156 GC heap before
{Heap before GC invocations=43 (full 0):
 garbage-first heap   total 187392K, used 159249K [0x0000000080000000, 0x0000000100000000)
  region size 1024K, 70 young (71680K), 4 survivors (4096K)
 Metaspace       used 102521K, committed 104640K, reserved 1179648K
  class space    used 14178K, committed 15232K, reserved 1048576K
}
Event: 18.173 GC heap after
{Heap after GC invocations=44 (full 0):
 garbage-first heap   total 187392K, used 93376K [0x0000000080000000, 0x0000000100000000)
  region size 1024K, 6 young (6144K), 6 survivors (6144K)
 Metaspace       used 102521K, committed 104640K, reserved 1179648K
  class space    used 14178K, committed 15232K, reserved 1048576K
}
Event: 19.178 GC heap before
{Heap before GC invocations=44 (full 0):
 garbage-first heap   total 187392K, used 164032K [0x0000000080000000, 0x0000000100000000)
  region size 1024K, 75 young (76800K), 6 survivors (6144K)
 Metaspace       used 107647K, committed 109888K, reserved 1179648K
  class space    used 14932K, committed 16000K, reserved 1048576K
}
Event: 19.189 GC heap after
{Heap after GC invocations=45 (full 0):
 garbage-first heap   total 187392K, used 96699K [0x0000000080000000, 0x0000000100000000)
  region size 1024K, 6 young (6144K), 6 survivors (6144K)
 Metaspace       used 107647K, committed 109888K, reserved 1179648K
  class space    used 14932K, committed 16000K, reserved 1048576K
}

